<?xml version="1.0" encoding="UTF-8"?>
<!-- Generated by org.testng.reporters.JUnitXMLReporter -->
<testsuite hostname="INCNU4129FFM" ignored="0" name="Test" tests="5" failures="1" timestamp="2020-11-16T15:41:03 IST" time="90.678" errors="0">
  <testcase name="TestThree" time="22.085" classname="test.ThreeTest"/>
  <testcase name="login" time="4.239" classname="test.LoginTest"/>
  <testcase name="login" time="13.566" classname="test.LoginTest"/>
  <testcase name="TestTwo" time="12.637" classname="test.TwoTest"/>
  <testcase name="TestFour" time="11.925" classname="test.FourTest">
    <failure type="java.lang.AssertionError" message="expected [true] but found [false]">
      <![CDATA[java.lang.AssertionError: expected [true] but found [false]
at test.FourTest.TestFour(FourTest.java:22)
at java.util.ArrayList.forEach(Unknown Source)
... Removed 31 stack frames]]>
    </failure>
  </testcase> <!-- TestFour -->
</testsuite> <!-- Test -->
